0 info it worked if it ends with ok
1 verbose cli [ '/usr/bin/nodejs', '/usr/bin/npm', 'install', './routes/user' ]
2 info using npm@3.10.8
3 info using node@v6.9.1
4 silly loadCurrentTree Starting
5 silly install loadCurrentTree
6 silly install readLocalPackageData
7 silly fetchPackageMetaData ./routes/user
8 silly fetchOtherPackageData ./routes/user
9 silly cache add args [ './routes/user', null ]
10 verbose cache add spec ./routes/user
11 silly cache add parsed spec Result {
11 silly cache add   raw: './routes/user',
11 silly cache add   scope: null,
11 silly cache add   escapedName: null,
11 silly cache add   name: null,
11 silly cache add   rawSpec: './routes/user',
11 silly cache add   spec: '/home/paul/MEGA/Projects/FinHacks/123/routes/user',
11 silly cache add   type: 'local' }
12 error addLocal Could not install /home/paul/MEGA/Projects/FinHacks/123/routes/user
13 silly fetchPackageMetaData Error: ENOENT: no such file or directory, open '/home/paul/MEGA/Projects/FinHacks/123/routes/user'
13 silly fetchPackageMetaData     at Error (native)
13 silly fetchPackageMetaData  error for ./routes/user { Error: ENOENT: no such file or directory, open '/home/paul/MEGA/Projects/FinHacks/123/routes/user'
13 silly fetchPackageMetaData     at Error (native)
13 silly fetchPackageMetaData   errno: -2,
13 silly fetchPackageMetaData   code: 'ENOENT',
13 silly fetchPackageMetaData   syscall: 'open',
13 silly fetchPackageMetaData   path: '/home/paul/MEGA/Projects/FinHacks/123/routes/user' }
14 silly rollbackFailedOptional Starting
15 silly rollbackFailedOptional Finishing
16 silly runTopLevelLifecycles Finishing
17 silly install printInstalled
18 verbose stack Error: ENOENT: no such file or directory, open '/home/paul/MEGA/Projects/FinHacks/123/routes/user'
18 verbose stack     at Error (native)
19 verbose cwd /home/paul/MEGA/Projects/FinHacks/123
20 error Linux 4.4.0-47-generic
21 error argv "/usr/bin/nodejs" "/usr/bin/npm" "install" "./routes/user"
22 error node v6.9.1
23 error npm  v3.10.8
24 error path /home/paul/MEGA/Projects/FinHacks/123/routes/user
25 error code ENOENT
26 error errno -2
27 error syscall open
28 error enoent ENOENT: no such file or directory, open '/home/paul/MEGA/Projects/FinHacks/123/routes/user'
29 error enoent ENOENT: no such file or directory, open '/home/paul/MEGA/Projects/FinHacks/123/routes/user'
29 error enoent This is most likely not a problem with npm itself
29 error enoent and is related to npm not being able to find a file.
30 verbose exit [ -2, true ]
